Config file "/Users/matheuskindrazki/development/hub-digital/apps/core/config/rush-project.json" does not exist. Attempting to load via rig.

No rig found for "/Users/matheuskindrazki/development/hub-digital/apps/core"

Config file "/Users/matheuskindrazki/development/hub-digital/packages/eslint-config/config/rush-project.json" does not exist. Attempting to load via rig.

No rig found for "/Users/matheuskindrazki/development/hub-digital/packages/eslint-config"

Config file "/Users/matheuskindrazki/development/hub-digital/apps/react-app/config/rush-project.json" does not exist. Attempting to load via rig.

No rig found for "/Users/matheuskindrazki/development/hub-digital/apps/react-app"

Config file "/Users/matheuskindrazki/development/hub-digital/packages/react-scripts/config/rush-project.json" does not exist. Attempting to load via rig.

No rig found for "/Users/matheuskindrazki/development/hub-digital/packages/react-scripts"

Config file "/Users/matheuskindrazki/development/hub-digital/packages/react-utils/config/rush-project.json" does not exist. Attempting to load via rig.

No rig found for "/Users/matheuskindrazki/development/hub-digital/packages/react-utils"

Invoking: react-microfrontend start 

(node:56026) [DEP_WEBPACK_DEV_SERVER_CONSTRUCTOR] DeprecationWarning: Using 'compiler' as the first argument is deprecated. Please use 'options' as the first argument and 'compiler' as the second argument.
(Use `node --trace-deprecation ...` to show where the warning was created)
(node:56026) [DEP_WEBPACK_DEV_SERVER_LISTEN] DeprecationWarning: 'listen' is deprecated. Please use async 'start' or 'startCallback' methods.
Starting the development server...

Compiled with warnings.

No required version specified and unable to automatically determine one. Unable to find required version for "react" in description file (/Users/matheuskindrazki/development/hub-digital/common/temp/node_modules/.pnpm/react@17.0.2/node_modules/react/package.json). It need to be in dependencies, devDependencies or peerDependencies.

Search for the keywords to learn more about each warning.
To ignore, add // eslint-disable-next-line to the line before.

assets by path static/js/*.js 3.01 MiB
  asset static/js/bundle.js 1.5 MiB [emitted] (name: main) 1 related asset
  asset static/js/mcf-remote.js 1.45 MiB [emitted] (name: psdlabs_core) 1 related asset
  asset static/js/vendors-common_temp_node_modules_pnpm_pmmmwh_react-refresh-webpack-plugin_0_5_1_3648fa48d33d9-3760a2.chunk.js 51.4 KiB [emitted] (id hint: vendors) 1 related asset
  asset static/js/src_App_tsx-webpack_sharing_consume_default_react_react.chunk.js 3.18 KiB [emitted] 1 related asset
asset index.html 1.72 KiB [emitted]
asset mcf-manifest.json 456 bytes [emitted]
runtime modules 82.1 KiB 34 modules
modules by path ../../common/temp/node_modules/.pnpm/ 1.37 MiB 85 modules
consume-shared-module modules 168 bytes
  consume shared module (default) react@^17.0.2 (strict) (fallback: ../../common/temp/node_modules/.pnpm/react@17.0.2/node_modules/react/index.js) (eager) 42 bytes [built] [code generated]
  consume shared module (default) react-dom@^17.0.2 (strict) (fallback: ../../common/temp/node_modules/.pnpm/react-dom@17.0.2_react@17.0.2/node_modules/react-dom/index.js) (eager) 42 bytes [built] [code generated]
  consume shared module (default) react@=17.0.2 (strict) (fallback: ../../common/temp/node_modules/.pnpm/react@17.0.2/node_modules/react/index.js) (eager) 42 bytes [built] [code generated]
  consume shared module (default) react@* (strict) (fallback: ../../common/temp/node_modules/.pnpm/react@17.0.2/node_modules/react/index.js) (eager) 42 bytes [built] [code generated]
modules by path ./src/ 4.29 KiB
  ./src/index.ts 1.06 KiB [built] [code generated]
  ./src/bootstrap.tsx 1.67 KiB [built] [code generated]
  ./src/App.tsx 1.56 KiB [built] [code generated]
provide-module modules 84 bytes
  provide shared module (default) react-dom@17.0.2 = ../../common/temp/node_modules/.pnpm/react-dom@17.0.2_react@17.0.2/node_modules/react-dom/index.js 42 bytes [built] [code generated]
  provide shared module (default) react@17.0.2 = ../../common/temp/node_modules/.pnpm/react@17.0.2/node_modules/react/index.js 42 bytes [built] [code generated]
container entry 42 bytes [built] [code generated]

WARNING in shared module react
No required version specified and unable to automatically determine one. Unable to find required version for "react" in description file (/Users/matheuskindrazki/development/hub-digital/common/temp/node_modules/.pnpm/react@17.0.2/node_modules/react/package.json). It need to be in dependencies, devDependencies or peerDependencies.

webpack 5.59.1 compiled with 1 warning in 2501 ms
No issues found.
