node:internal/modules/cjs/loader:936
  throw err;
  ^

Error: Cannot find module 'which'
Require stack:
- /Users/matheuskindrazki/development/hub-digital/packages/hub-scripts/scripts/utils/index.js
- /Users/matheuskindrazki/development/hub-digital/packages/hub-scripts/scripts/lint-staged.js
    at Function.Module._resolveFilename (node:internal/modules/cjs/loader:933:15)
    at Function.Module._load (node:internal/modules/cjs/loader:778:27)
    at Module.require (node:internal/modules/cjs/loader:1005:19)
    at require (node:internal/modules/cjs/helpers:94:18)
    at Object.<anonymous> (/Users/matheuskindrazki/development/hub-digital/packages/hub-scripts/scripts/utils/index.js:3:15)
    at Module._compile (node:internal/modules/cjs/loader:1101:14)
    at Object.Module._extensions..js (node:internal/modules/cjs/loader:1153:10)
    at Module.load (node:internal/modules/cjs/loader:981:32)
    at Function.Module._load (node:internal/modules/cjs/loader:822:12)
    at Module.require (node:internal/modules/cjs/loader:1005:19) {
  code: 'MODULE_NOT_FOUND',
  requireStack: [
    '/Users/matheuskindrazki/development/hub-digital/packages/hub-scripts/scripts/utils/index.js',
    '/Users/matheuskindrazki/development/hub-digital/packages/hub-scripts/scripts/lint-staged.js'
  ]
}
